<?xml version="1.0" encoding="UTF-8"?>
<!-- Generated by org.testng.reporters.JUnitReportReporter -->
<testsuite hostname="BALAJI" failures="0" tests="1" name="request.Get_user" time="2.655" errors="0" timestamp="26 Aug 2024 14:53:03 GMT" skipped="0">
  <testcase classname="request.Get_user" name="getDatas" time="2.655"/>
</testsuite> <!-- request.Get_user -->
