<?xml version="1.0" encoding="UTF-8"?>
<!-- Generated by org.testng.reporters.JUnitReportReporter -->
<testsuite hostname="BALAJI" failures="0" tests="4" name="parallel.RunCucumberTest" time="0.918" errors="0" timestamp="2024-08-26T13:07:25 IST" skipped="0">
  <testcase classname="parallel.RunCucumberTest" name="runScenario" time="0.230"/>
  <system-out/>
  <testcase classname="parallel.RunCucumberTest" name="runScenario" time="0.229"/>
  <system-out/>
  <testcase classname="parallel.RunCucumberTest" name="runScenario" time="0.230"/>
  <system-out/>
  <testcase classname="parallel.RunCucumberTest" name="runScenario" time="0.229"/>
  <system-out/>
</testsuite> <!-- parallel.RunCucumberTest -->
