<?xml version="1.0" encoding="UTF-8"?>
<!-- Generated by org.testng.reporters.JUnitReportReporter -->
<testsuite hostname="BALAJI" failures="0" tests="1" name="request.CRUD_Operation" time="2.510" errors="0" timestamp="29 Aug 2024 10:48:46 GMT" skipped="0">
  <testcase classname="request.CRUD_Operation" name="GetRequest" time="2.510"/>
</testsuite> <!-- request.CRUD_Operation -->
